<?xml version="1.0" encoding="UTF-8"?>
<!-- Generated by org.testng.reporters.JUnitXMLReporter -->
<testsuite ignored="0" hostname="Brad" failures="1" tests="1" name="Surefire test" time="2.521" errors="0" timestamp="2025-10-01T10:59:50 EDT">
  <testcase classname="tests.SecurityCenterTests" name="verifyPageTitle" time="0.044">
    <failure type="java.lang.AssertionError" message="Page title mismatch! expected [Security Center Overview | Bank of America] but found [Privacy &amp;amp; Security Center at Bank of America]">
      <![CDATA[java.lang.AssertionError: Page title mismatch! expected [Security Center Overview | Bank of America] but found [Privacy & Security Center at Bank of America]
at tests.SecurityCenterTests.verifyPageTitle(SecurityCenterTests.java:11)
at java.base/java.util.ArrayList.forEach(ArrayList.java:1604)
... Removed 35 stack frames]]>
    </failure>
  </testcase> <!-- verifyPageTitle -->
</testsuite> <!-- Surefire test -->
